{"message":"Caleb api listening on port: 8082","level":"info","timestamp":"2019-06-21 18:43:55"}
{"message":"::1 - - [21/Jun/2019:13:14:11 +0000] \"GET /api-docs/ HTTP/1.1\" 304 - \"-\" \"Mozilla/5.0 (Windows NT 10.0; Win64; x64) AppleWebKit/537.36 (KHTML, like Gecko) Chrome/74.0.3729.169 Safari/537.36\"\n","level":"info","timestamp":"2019-06-21 18:44:11"}
{"message":"::1 - - [21/Jun/2019:13:14:11 +0000] \"GET /api-docs/swagger-ui-init.js HTTP/1.1\" 200 8628 \"http://localhost:8082/api-docs/\" \"Mozilla/5.0 (Windows NT 10.0; Win64; x64) AppleWebKit/537.36 (KHTML, like Gecko) Chrome/74.0.3729.169 Safari/537.36\"\n","level":"info","timestamp":"2019-06-21 18:44:11"}
{"message":"::1 - - [21/Jun/2019:13:14:11 +0000] \"GET /api-docs/swagger-ui.css HTTP/1.1\" 304 - \"http://localhost:8082/api-docs/\" \"Mozilla/5.0 (Windows NT 10.0; Win64; x64) AppleWebKit/537.36 (KHTML, like Gecko) Chrome/74.0.3729.169 Safari/537.36\"\n","level":"info","timestamp":"2019-06-21 18:44:11"}
{"message":"::1 - - [21/Jun/2019:13:14:11 +0000] \"GET /api-docs/swagger-ui-bundle.js HTTP/1.1\" 304 - \"http://localhost:8082/api-docs/\" \"Mozilla/5.0 (Windows NT 10.0; Win64; x64) AppleWebKit/537.36 (KHTML, like Gecko) Chrome/74.0.3729.169 Safari/537.36\"\n","level":"info","timestamp":"2019-06-21 18:44:11"}
{"message":"::1 - - [21/Jun/2019:13:14:11 +0000] \"GET /api-docs/swagger-ui-standalone-preset.js HTTP/1.1\" 304 - \"http://localhost:8082/api-docs/\" \"Mozilla/5.0 (Windows NT 10.0; Win64; x64) AppleWebKit/537.36 (KHTML, like Gecko) Chrome/74.0.3729.169 Safari/537.36\"\n","level":"info","timestamp":"2019-06-21 18:44:11"}
{"message":"::1 - - [21/Jun/2019:13:14:12 +0000] \"GET /api-docs/favicon-32x32.png HTTP/1.1\" 304 - \"http://localhost:8082/api-docs/\" \"Mozilla/5.0 (Windows NT 10.0; Win64; x64) AppleWebKit/537.36 (KHTML, like Gecko) Chrome/74.0.3729.169 Safari/537.36\"\n","level":"info","timestamp":"2019-06-21 18:44:12"}
{"message":"::1 - - [21/Jun/2019:13:14:36 +0000] \"GET /users/requestPassword/nikhilta%40cybage.com HTTP/1.1\" 404 182 \"http://localhost:8082/api-docs/\" \"Mozilla/5.0 (Windows NT 10.0; Win64; x64) AppleWebKit/537.36 (KHTML, like Gecko) Chrome/74.0.3729.169 Safari/537.36\"\n","level":"info","timestamp":"2019-06-21 18:44:36"}
{"message":"::1 - - [21/Jun/2019:13:16:10 +0000] \"GET /users/requestPassword/nikhilta%40cybage.com HTTP/1.1\" 404 182 \"http://localhost:8082/api-docs/\" \"Mozilla/5.0 (Windows NT 10.0; Win64; x64) AppleWebKit/537.36 (KHTML, like Gecko) Chrome/74.0.3729.169 Safari/537.36\"\n","level":"info","timestamp":"2019-06-21 18:46:10"}
{"message":"::1 - - [21/Jun/2019:13:17:39 +0000] \"GET /users/ HTTP/1.1\" 200 1362 \"-\" \"PostmanRuntime/7.1.1\"\n","level":"info","timestamp":"2019-06-21 18:47:39"}
{"message":"::1 - - [21/Jun/2019:13:17:54 +0000] \"GET /users/requestPassword HTTP/1.1\" 400 58 \"-\" \"PostmanRuntime/7.1.1\"\n","level":"info","timestamp":"2019-06-21 18:47:54"}
{"message":"::1 - - [21/Jun/2019:13:19:16 +0000] \"GET /users/requestPassword/nikhilta@cybage.com HTTP/1.1\" 404 180 \"-\" \"PostmanRuntime/7.1.1\"\n","level":"info","timestamp":"2019-06-21 18:49:16"}
{"message":"Caleb api listening on port: 8082","level":"info","timestamp":"2019-06-21 18:50:28"}
{"message":"::1 - - [21/Jun/2019:13:20:36 +0000] \"GET /api-docs/ HTTP/1.1\" 304 - \"-\" \"Mozilla/5.0 (Windows NT 10.0; Win64; x64) AppleWebKit/537.36 (KHTML, like Gecko) Chrome/74.0.3729.169 Safari/537.36\"\n","level":"info","timestamp":"2019-06-21 18:50:36"}
{"message":"::1 - - [21/Jun/2019:13:20:36 +0000] \"GET /api-docs/swagger-ui.css HTTP/1.1\" 304 - \"http://localhost:8082/api-docs/\" \"Mozilla/5.0 (Windows NT 10.0; Win64; x64) AppleWebKit/537.36 (KHTML, like Gecko) Chrome/74.0.3729.169 Safari/537.36\"\n","level":"info","timestamp":"2019-06-21 18:50:36"}
{"message":"::1 - - [21/Jun/2019:13:20:36 +0000] \"GET /api-docs/swagger-ui-init.js HTTP/1.1\" 304 - \"http://localhost:8082/api-docs/\" \"Mozilla/5.0 (Windows NT 10.0; Win64; x64) AppleWebKit/537.36 (KHTML, like Gecko) Chrome/74.0.3729.169 Safari/537.36\"\n","level":"info","timestamp":"2019-06-21 18:50:36"}
{"message":"::1 - - [21/Jun/2019:13:20:36 +0000] \"GET /api-docs/swagger-ui-bundle.js HTTP/1.1\" 304 - \"http://localhost:8082/api-docs/\" \"Mozilla/5.0 (Windows NT 10.0; Win64; x64) AppleWebKit/537.36 (KHTML, like Gecko) Chrome/74.0.3729.169 Safari/537.36\"\n","level":"info","timestamp":"2019-06-21 18:50:36"}
{"message":"::1 - - [21/Jun/2019:13:20:36 +0000] \"GET /api-docs/swagger-ui-standalone-preset.js HTTP/1.1\" 304 - \"http://localhost:8082/api-docs/\" \"Mozilla/5.0 (Windows NT 10.0; Win64; x64) AppleWebKit/537.36 (KHTML, like Gecko) Chrome/74.0.3729.169 Safari/537.36\"\n","level":"info","timestamp":"2019-06-21 18:50:36"}
{"message":"::1 - - [21/Jun/2019:13:20:50 +0000] \"GET /users/requestPassword/nikhilta%40cybage.com HTTP/1.1\" 400 58 \"http://localhost:8082/api-docs/\" \"Mozilla/5.0 (Windows NT 10.0; Win64; x64) AppleWebKit/537.36 (KHTML, like Gecko) Chrome/74.0.3729.169 Safari/537.36\"\n","level":"info","timestamp":"2019-06-21 18:50:50"}
{"message":"Caleb api listening on port: 8082","level":"info","timestamp":"2019-06-21 18:51:22"}
{"message":"Caleb api listening on port: 8082","level":"info","timestamp":"2019-06-21 18:52:21"}
{"message":"::1 - - [21/Jun/2019:13:22:36 +0000] \"GET /users/requestPassword/nikhilta@cybage.com HTTP/1.1\" 500 21 \"-\" \"PostmanRuntime/7.1.1\"\n","level":"info","timestamp":"2019-06-21 18:52:36"}
{"message":"Caleb api listening on port: 8082","level":"info","timestamp":"2019-06-21 18:53:19"}
{"message":"::1 - - [21/Jun/2019:13:23:56 +0000] \"GET /users/requestPassword/nikhilta%40cybage.com HTTP/1.1\" 200 67 \"http://localhost:8082/api-docs/\" \"Mozilla/5.0 (Windows NT 10.0; Win64; x64) AppleWebKit/537.36 (KHTML, like Gecko) Chrome/74.0.3729.169 Safari/537.36\"\n","level":"info","timestamp":"2019-06-21 18:53:56"}
{"message":"::1 - - [21/Jun/2019:13:25:08 +0000] \"GET /api-docs/ HTTP/1.1\" 304 - \"-\" \"Mozilla/5.0 (Windows NT 10.0; Win64; x64) AppleWebKit/537.36 (KHTML, like Gecko) Chrome/74.0.3729.169 Safari/537.36\"\n","level":"info","timestamp":"2019-06-21 18:55:08"}
{"message":"::1 - - [21/Jun/2019:13:25:08 +0000] \"GET /api-docs/swagger-ui.css HTTP/1.1\" 304 - \"http://localhost:8082/api-docs/\" \"Mozilla/5.0 (Windows NT 10.0; Win64; x64) AppleWebKit/537.36 (KHTML, like Gecko) Chrome/74.0.3729.169 Safari/537.36\"\n","level":"info","timestamp":"2019-06-21 18:55:08"}
{"message":"::1 - - [21/Jun/2019:13:25:08 +0000] \"GET /api-docs/swagger-ui-bundle.js HTTP/1.1\" 304 - \"http://localhost:8082/api-docs/\" \"Mozilla/5.0 (Windows NT 10.0; Win64; x64) AppleWebKit/537.36 (KHTML, like Gecko) Chrome/74.0.3729.169 Safari/537.36\"\n","level":"info","timestamp":"2019-06-21 18:55:08"}
{"message":"::1 - - [21/Jun/2019:13:25:08 +0000] \"GET /api-docs/swagger-ui-standalone-preset.js HTTP/1.1\" 304 - \"http://localhost:8082/api-docs/\" \"Mozilla/5.0 (Windows NT 10.0; Win64; x64) AppleWebKit/537.36 (KHTML, like Gecko) Chrome/74.0.3729.169 Safari/537.36\"\n","level":"info","timestamp":"2019-06-21 18:55:08"}
{"message":"::1 - - [21/Jun/2019:13:25:08 +0000] \"GET /api-docs/swagger-ui-init.js HTTP/1.1\" 304 - \"http://localhost:8082/api-docs/\" \"Mozilla/5.0 (Windows NT 10.0; Win64; x64) AppleWebKit/537.36 (KHTML, like Gecko) Chrome/74.0.3729.169 Safari/537.36\"\n","level":"info","timestamp":"2019-06-21 18:55:08"}
{"message":"::1 - - [21/Jun/2019:13:26:23 +0000] \"PUT /users/changePassword HTTP/1.1\" 400 53 \"http://localhost:8082/api-docs/\" \"Mozilla/5.0 (Windows NT 10.0; Win64; x64) AppleWebKit/537.36 (KHTML, like Gecko) Chrome/74.0.3729.169 Safari/537.36\"\n","level":"info","timestamp":"2019-06-21 18:56:23"}
{"message":"Caleb api listening on port: 8082","level":"info","timestamp":"2019-06-21 18:57:24"}
{"message":"::1 - - [21/Jun/2019:13:27:30 +0000] \"GET /api-docs/ HTTP/1.1\" 304 - \"-\" \"Mozilla/5.0 (Windows NT 10.0; Win64; x64) AppleWebKit/537.36 (KHTML, like Gecko) Chrome/74.0.3729.169 Safari/537.36\"\n","level":"info","timestamp":"2019-06-21 18:57:30"}
{"message":"::1 - - [21/Jun/2019:13:27:30 +0000] \"GET /api-docs/swagger-ui.css HTTP/1.1\" 304 - \"http://localhost:8082/api-docs/\" \"Mozilla/5.0 (Windows NT 10.0; Win64; x64) AppleWebKit/537.36 (KHTML, like Gecko) Chrome/74.0.3729.169 Safari/537.36\"\n","level":"info","timestamp":"2019-06-21 18:57:30"}
{"message":"::1 - - [21/Jun/2019:13:27:30 +0000] \"GET /api-docs/swagger-ui-bundle.js HTTP/1.1\" 304 - \"http://localhost:8082/api-docs/\" \"Mozilla/5.0 (Windows NT 10.0; Win64; x64) AppleWebKit/537.36 (KHTML, like Gecko) Chrome/74.0.3729.169 Safari/537.36\"\n","level":"info","timestamp":"2019-06-21 18:57:30"}
{"message":"::1 - - [21/Jun/2019:13:27:30 +0000] \"GET /api-docs/swagger-ui-standalone-preset.js HTTP/1.1\" 304 - \"http://localhost:8082/api-docs/\" \"Mozilla/5.0 (Windows NT 10.0; Win64; x64) AppleWebKit/537.36 (KHTML, like Gecko) Chrome/74.0.3729.169 Safari/537.36\"\n","level":"info","timestamp":"2019-06-21 18:57:30"}
{"message":"::1 - - [21/Jun/2019:13:27:30 +0000] \"GET /api-docs/swagger-ui-init.js HTTP/1.1\" 200 8628 \"http://localhost:8082/api-docs/\" \"Mozilla/5.0 (Windows NT 10.0; Win64; x64) AppleWebKit/537.36 (KHTML, like Gecko) Chrome/74.0.3729.169 Safari/537.36\"\n","level":"info","timestamp":"2019-06-21 18:57:30"}
{"message":"Caleb api listening on port: 8082","level":"info","timestamp":"2019-06-21 19:00:34"}
{"message":"::1 - - [21/Jun/2019:13:31:09 +0000] \"PUT /users/changePassword HTTP/1.1\" 400 53 \"http://localhost:8082/api-docs/\" \"Mozilla/5.0 (Windows NT 10.0; Win64; x64) AppleWebKit/537.36 (KHTML, like Gecko) Chrome/74.0.3729.169 Safari/537.36\"\n","level":"info","timestamp":"2019-06-21 19:01:09"}
{"message":"::1 - - [21/Jun/2019:13:31:46 +0000] \"PUT /users/changePassword HTTP/1.1\" 400 53 \"http://localhost:8082/api-docs/\" \"Mozilla/5.0 (Windows NT 10.0; Win64; x64) AppleWebKit/537.36 (KHTML, like Gecko) Chrome/74.0.3729.169 Safari/537.36\"\n","level":"info","timestamp":"2019-06-21 19:01:46"}
{"message":"::1 - - [21/Jun/2019:13:32:37 +0000] \"PUT /users/changePassword HTTP/1.1\" 200 63 \"http://localhost:8082/api-docs/\" \"Mozilla/5.0 (Windows NT 10.0; Win64; x64) AppleWebKit/537.36 (KHTML, like Gecko) Chrome/74.0.3729.169 Safari/537.36\"\n","level":"info","timestamp":"2019-06-21 19:02:37"}
{"message":"Caleb api listening on port: 8082","level":"info","timestamp":"2019-06-21 19:08:20"}
{"message":"::1 - - [21/Jun/2019:13:39:54 +0000] \"GET /users/ HTTP/1.1\" 200 1362 \"-\" \"PostmanRuntime/7.1.1\"\n","level":"info","timestamp":"2019-06-21 19:09:54"}
{"message":"::1 - - [21/Jun/2019:13:40:46 +0000] \"PUT /users/updateUser HTTP/1.1\" 500 21 \"http://localhost:8082/api-docs/\" \"Mozilla/5.0 (Windows NT 10.0; Win64; x64) AppleWebKit/537.36 (KHTML, like Gecko) Chrome/74.0.3729.169 Safari/537.36\"\n","level":"info","timestamp":"2019-06-21 19:10:46"}
{"message":"Caleb api listening on port: 8082","level":"info","timestamp":"2019-06-21 19:11:55"}
{"message":"::1 - - [21/Jun/2019:13:42:43 +0000] \"PUT /users/updateUser HTTP/1.1\" 400 51 \"http://localhost:8082/api-docs/\" \"Mozilla/5.0 (Windows NT 10.0; Win64; x64) AppleWebKit/537.36 (KHTML, like Gecko) Chrome/74.0.3729.169 Safari/537.36\"\n","level":"info","timestamp":"2019-06-21 19:12:43"}
{"message":"Caleb api listening on port: 8082","level":"info","timestamp":"2019-06-21 19:18:06"}
{"message":"::1 - - [21/Jun/2019:13:49:01 +0000] \"PUT /users/updateUser HTTP/1.1\" 500 21 \"http://localhost:8082/api-docs/\" \"Mozilla/5.0 (Windows NT 10.0; Win64; x64) AppleWebKit/537.36 (KHTML, like Gecko) Chrome/74.0.3729.169 Safari/537.36\"\n","level":"info","timestamp":"2019-06-21 19:19:01"}
{"message":"::1 - - [21/Jun/2019:13:50:37 +0000] \"PUT /users/updateUser HTTP/1.1\" 500 21 \"http://localhost:8082/api-docs/\" \"Mozilla/5.0 (Windows NT 10.0; Win64; x64) AppleWebKit/537.36 (KHTML, like Gecko) Chrome/74.0.3729.169 Safari/537.36\"\n","level":"info","timestamp":"2019-06-21 19:20:37"}
{"message":"::1 - - [21/Jun/2019:13:52:51 +0000] \"PUT /users/updateUser HTTP/1.1\" 500 21 \"http://localhost:8082/api-docs/\" \"Mozilla/5.0 (Windows NT 10.0; Win64; x64) AppleWebKit/537.36 (KHTML, like Gecko) Chrome/74.0.3729.169 Safari/537.36\"\n","level":"info","timestamp":"2019-06-21 19:22:51"}
{"message":"Caleb api listening on port: 8082","level":"info","timestamp":"2019-06-21 19:24:44"}
{"message":"Caleb api listening on port: 8082","level":"info","timestamp":"2019-06-21 19:25:05"}
{"message":"::1 - - [21/Jun/2019:13:55:05 +0000] \"GET /api-docs/ HTTP/1.1\" 304 - \"-\" \"Mozilla/5.0 (Windows NT 10.0; Win64; x64) AppleWebKit/537.36 (KHTML, like Gecko) Chrome/74.0.3729.169 Safari/537.36\"\n","level":"info","timestamp":"2019-06-21 19:25:05"}
{"message":"::1 - - [21/Jun/2019:13:55:05 +0000] \"GET /api-docs/swagger-ui.css HTTP/1.1\" 304 - \"http://localhost:8082/api-docs/\" \"Mozilla/5.0 (Windows NT 10.0; Win64; x64) AppleWebKit/537.36 (KHTML, like Gecko) Chrome/74.0.3729.169 Safari/537.36\"\n","level":"info","timestamp":"2019-06-21 19:25:05"}
{"message":"::1 - - [21/Jun/2019:13:55:05 +0000] \"GET /api-docs/swagger-ui-bundle.js HTTP/1.1\" 304 - \"http://localhost:8082/api-docs/\" \"Mozilla/5.0 (Windows NT 10.0; Win64; x64) AppleWebKit/537.36 (KHTML, like Gecko) Chrome/74.0.3729.169 Safari/537.36\"\n","level":"info","timestamp":"2019-06-21 19:25:05"}
{"message":"::1 - - [21/Jun/2019:13:55:05 +0000] \"GET /api-docs/swagger-ui-init.js HTTP/1.1\" 200 8632 \"http://localhost:8082/api-docs/\" \"Mozilla/5.0 (Windows NT 10.0; Win64; x64) AppleWebKit/537.36 (KHTML, like Gecko) Chrome/74.0.3729.169 Safari/537.36\"\n","level":"info","timestamp":"2019-06-21 19:25:05"}
{"message":"::1 - - [21/Jun/2019:13:55:05 +0000] \"GET /api-docs/swagger-ui-standalone-preset.js HTTP/1.1\" 304 - \"http://localhost:8082/api-docs/\" \"Mozilla/5.0 (Windows NT 10.0; Win64; x64) AppleWebKit/537.36 (KHTML, like Gecko) Chrome/74.0.3729.169 Safari/537.36\"\n","level":"info","timestamp":"2019-06-21 19:25:05"}
{"message":"::1 - - [21/Jun/2019:13:56:14 +0000] \"PUT /users/updateUser HTTP/1.1\" 200 54 \"http://localhost:8082/api-docs/\" \"Mozilla/5.0 (Windows NT 10.0; Win64; x64) AppleWebKit/537.36 (KHTML, like Gecko) Chrome/74.0.3729.169 Safari/537.36\"\n","level":"info","timestamp":"2019-06-21 19:26:14"}
{"message":"Caleb api listening on port: 8082","level":"info","timestamp":"2019-06-21 19:27:58"}
{"message":"::1 - - [21/Jun/2019:13:58:06 +0000] \"GET /api-docs/ HTTP/1.1\" 304 - \"-\" \"Mozilla/5.0 (Windows NT 10.0; Win64; x64) AppleWebKit/537.36 (KHTML, like Gecko) Chrome/74.0.3729.169 Safari/537.36\"\n","level":"info","timestamp":"2019-06-21 19:28:06"}
{"message":"::1 - - [21/Jun/2019:13:58:06 +0000] \"GET /api-docs/swagger-ui.css HTTP/1.1\" 304 - \"http://localhost:8082/api-docs/\" \"Mozilla/5.0 (Windows NT 10.0; Win64; x64) AppleWebKit/537.36 (KHTML, like Gecko) Chrome/74.0.3729.169 Safari/537.36\"\n","level":"info","timestamp":"2019-06-21 19:28:06"}
{"message":"::1 - - [21/Jun/2019:13:58:06 +0000] \"GET /api-docs/swagger-ui-bundle.js HTTP/1.1\" 304 - \"http://localhost:8082/api-docs/\" \"Mozilla/5.0 (Windows NT 10.0; Win64; x64) AppleWebKit/537.36 (KHTML, like Gecko) Chrome/74.0.3729.169 Safari/537.36\"\n","level":"info","timestamp":"2019-06-21 19:28:06"}
{"message":"::1 - - [21/Jun/2019:13:58:06 +0000] \"GET /api-docs/swagger-ui-standalone-preset.js HTTP/1.1\" 304 - \"http://localhost:8082/api-docs/\" \"Mozilla/5.0 (Windows NT 10.0; Win64; x64) AppleWebKit/537.36 (KHTML, like Gecko) Chrome/74.0.3729.169 Safari/537.36\"\n","level":"info","timestamp":"2019-06-21 19:28:06"}
{"message":"::1 - - [21/Jun/2019:13:58:06 +0000] \"GET /api-docs/swagger-ui-init.js HTTP/1.1\" 200 8634 \"http://localhost:8082/api-docs/\" \"Mozilla/5.0 (Windows NT 10.0; Win64; x64) AppleWebKit/537.36 (KHTML, like Gecko) Chrome/74.0.3729.169 Safari/537.36\"\n","level":"info","timestamp":"2019-06-21 19:28:06"}
