{"message":"Caleb api listening on port: 8082","level":"info","timestamp":"2019-06-24 10:21:21"}
{"message":"::1 - - [24/Jun/2019:04:51:33 +0000] \"GET /api-docs/ HTTP/1.1\" 304 - \"-\" \"Mozilla/5.0 (Windows NT 10.0; Win64; x64) AppleWebKit/537.36 (KHTML, like Gecko) Chrome/74.0.3729.169 Safari/537.36\"\n","level":"info","timestamp":"2019-06-24 10:21:33"}
{"message":"::1 - - [24/Jun/2019:04:51:33 +0000] \"GET /api-docs/swagger-ui.css HTTP/1.1\" 304 - \"http://localhost:8082/api-docs/\" \"Mozilla/5.0 (Windows NT 10.0; Win64; x64) AppleWebKit/537.36 (KHTML, like Gecko) Chrome/74.0.3729.169 Safari/537.36\"\n","level":"info","timestamp":"2019-06-24 10:21:33"}
{"message":"::1 - - [24/Jun/2019:04:51:33 +0000] \"GET /api-docs/swagger-ui-bundle.js HTTP/1.1\" 304 - \"http://localhost:8082/api-docs/\" \"Mozilla/5.0 (Windows NT 10.0; Win64; x64) AppleWebKit/537.36 (KHTML, like Gecko) Chrome/74.0.3729.169 Safari/537.36\"\n","level":"info","timestamp":"2019-06-24 10:21:33"}
{"message":"::1 - - [24/Jun/2019:04:51:33 +0000] \"GET /api-docs/swagger-ui-init.js HTTP/1.1\" 200 5562 \"http://localhost:8082/api-docs/\" \"Mozilla/5.0 (Windows NT 10.0; Win64; x64) AppleWebKit/537.36 (KHTML, like Gecko) Chrome/74.0.3729.169 Safari/537.36\"\n","level":"info","timestamp":"2019-06-24 10:21:33"}
{"message":"::1 - - [24/Jun/2019:04:51:33 +0000] \"GET /api-docs/swagger-ui-standalone-preset.js HTTP/1.1\" 304 - \"http://localhost:8082/api-docs/\" \"Mozilla/5.0 (Windows NT 10.0; Win64; x64) AppleWebKit/537.36 (KHTML, like Gecko) Chrome/74.0.3729.169 Safari/537.36\"\n","level":"info","timestamp":"2019-06-24 10:21:33"}
{"message":"::1 - - [24/Jun/2019:04:52:12 +0000] \"POST /users/login HTTP/1.1\" 400 78 \"http://localhost:8082/api-docs/\" \"Mozilla/5.0 (Windows NT 10.0; Win64; x64) AppleWebKit/537.36 (KHTML, like Gecko) Chrome/74.0.3729.169 Safari/537.36\"\n","level":"info","timestamp":"2019-06-24 10:22:12"}
{"message":"::1 - - [24/Jun/2019:04:52:51 +0000] \"POST /users/login HTTP/1.1\" 400 78 \"http://localhost:8082/api-docs/\" \"Mozilla/5.0 (Windows NT 10.0; Win64; x64) AppleWebKit/537.36 (KHTML, like Gecko) Chrome/74.0.3729.169 Safari/537.36\"\n","level":"info","timestamp":"2019-06-24 10:22:51"}
{"message":"::1 - - [24/Jun/2019:04:52:54 +0000] \"POST /users/login HTTP/1.1\" 400 78 \"http://localhost:8082/api-docs/\" \"Mozilla/5.0 (Windows NT 10.0; Win64; x64) AppleWebKit/537.36 (KHTML, like Gecko) Chrome/74.0.3729.169 Safari/537.36\"\n","level":"info","timestamp":"2019-06-24 10:22:54"}
{"message":"Caleb api listening on port: 8082","level":"info","timestamp":"2019-06-24 10:23:27"}
{"message":"::1 - - [24/Jun/2019:04:54:04 +0000] \"POST /users/login HTTP/1.1\" 400 78 \"http://localhost:8082/api-docs/\" \"Mozilla/5.0 (Windows NT 10.0; Win64; x64) AppleWebKit/537.36 (KHTML, like Gecko) Chrome/74.0.3729.169 Safari/537.36\"\n","level":"info","timestamp":"2019-06-24 10:24:04"}
{"message":"Caleb api listening on port: 8082","level":"info","timestamp":"2019-06-24 10:25:01"}
{"message":"::1 - - [24/Jun/2019:04:55:22 +0000] \"POST /users/login HTTP/1.1\" 400 78 \"http://localhost:8082/api-docs/\" \"Mozilla/5.0 (Windows NT 10.0; Win64; x64) AppleWebKit/537.36 (KHTML, like Gecko) Chrome/74.0.3729.169 Safari/537.36\"\n","level":"info","timestamp":"2019-06-24 10:25:22"}
{"message":"::1 - - [24/Jun/2019:04:56:36 +0000] \"POST /users/login HTTP/1.1\" 200 243 \"http://localhost:8082/api-docs/\" \"Mozilla/5.0 (Windows NT 10.0; Win64; x64) AppleWebKit/537.36 (KHTML, like Gecko) Chrome/74.0.3729.169 Safari/537.36\"\n","level":"info","timestamp":"2019-06-24 10:26:36"}
{"message":"::1 - - [24/Jun/2019:04:57:56 +0000] \"POST /users/login HTTP/1.1\" 200 243 \"http://localhost:8082/api-docs/\" \"Mozilla/5.0 (Windows NT 10.0; Win64; x64) AppleWebKit/537.36 (KHTML, like Gecko) Chrome/74.0.3729.169 Safari/537.36\"\n","level":"info","timestamp":"2019-06-24 10:27:56"}
{"message":"Caleb api listening on port: 8082","level":"info","timestamp":"2019-06-24 11:16:27"}
{"message":"::1 - - [24/Jun/2019:05:46:32 +0000] \"GET /api-docs/ HTTP/1.1\" 304 - \"-\" \"Mozilla/5.0 (Windows NT 10.0; Win64; x64) AppleWebKit/537.36 (KHTML, like Gecko) Chrome/74.0.3729.169 Safari/537.36\"\n","level":"info","timestamp":"2019-06-24 11:16:32"}
{"message":"::1 - - [24/Jun/2019:05:46:33 +0000] \"GET /api-docs/swagger-ui.css HTTP/1.1\" 304 - \"http://localhost:8082/api-docs/\" \"Mozilla/5.0 (Windows NT 10.0; Win64; x64) AppleWebKit/537.36 (KHTML, like Gecko) Chrome/74.0.3729.169 Safari/537.36\"\n","level":"info","timestamp":"2019-06-24 11:16:33"}
{"message":"::1 - - [24/Jun/2019:05:46:33 +0000] \"GET /api-docs/swagger-ui-init.js HTTP/1.1\" 304 - \"http://localhost:8082/api-docs/\" \"Mozilla/5.0 (Windows NT 10.0; Win64; x64) AppleWebKit/537.36 (KHTML, like Gecko) Chrome/74.0.3729.169 Safari/537.36\"\n","level":"info","timestamp":"2019-06-24 11:16:33"}
{"message":"::1 - - [24/Jun/2019:05:46:33 +0000] \"GET /api-docs/swagger-ui-bundle.js HTTP/1.1\" 304 - \"http://localhost:8082/api-docs/\" \"Mozilla/5.0 (Windows NT 10.0; Win64; x64) AppleWebKit/537.36 (KHTML, like Gecko) Chrome/74.0.3729.169 Safari/537.36\"\n","level":"info","timestamp":"2019-06-24 11:16:33"}
{"message":"::1 - - [24/Jun/2019:05:46:33 +0000] \"GET /api-docs/swagger-ui-standalone-preset.js HTTP/1.1\" 304 - \"http://localhost:8082/api-docs/\" \"Mozilla/5.0 (Windows NT 10.0; Win64; x64) AppleWebKit/537.36 (KHTML, like Gecko) Chrome/74.0.3729.169 Safari/537.36\"\n","level":"info","timestamp":"2019-06-24 11:16:33"}
{"message":"::1 - - [24/Jun/2019:05:46:52 +0000] \"POST /users/login HTTP/1.1\" 200 243 \"http://localhost:8082/api-docs/\" \"Mozilla/5.0 (Windows NT 10.0; Win64; x64) AppleWebKit/537.36 (KHTML, like Gecko) Chrome/74.0.3729.169 Safari/537.36\"\n","level":"info","timestamp":"2019-06-24 11:16:52"}
{"message":"Caleb api listening on port: 8082","level":"info","timestamp":"2019-06-24 14:15:51"}
{"message":"::1 - - [24/Jun/2019:08:46:30 +0000] \"GET /api-docs/ HTTP/1.1\" 304 - \"-\" \"Mozilla/5.0 (Windows NT 10.0; Win64; x64) AppleWebKit/537.36 (KHTML, like Gecko) Chrome/74.0.3729.169 Safari/537.36\"\n","level":"info","timestamp":"2019-06-24 14:16:30"}
{"message":"::1 - - [24/Jun/2019:08:46:30 +0000] \"GET /api-docs/swagger-ui.css HTTP/1.1\" 304 - \"http://localhost:8082/api-docs/\" \"Mozilla/5.0 (Windows NT 10.0; Win64; x64) AppleWebKit/537.36 (KHTML, like Gecko) Chrome/74.0.3729.169 Safari/537.36\"\n","level":"info","timestamp":"2019-06-24 14:16:30"}
{"message":"::1 - - [24/Jun/2019:08:46:30 +0000] \"GET /api-docs/swagger-ui-bundle.js HTTP/1.1\" 304 - \"http://localhost:8082/api-docs/\" \"Mozilla/5.0 (Windows NT 10.0; Win64; x64) AppleWebKit/537.36 (KHTML, like Gecko) Chrome/74.0.3729.169 Safari/537.36\"\n","level":"info","timestamp":"2019-06-24 14:16:30"}
{"message":"::1 - - [24/Jun/2019:08:46:30 +0000] \"GET /api-docs/swagger-ui-init.js HTTP/1.1\" 200 8634 \"http://localhost:8082/api-docs/\" \"Mozilla/5.0 (Windows NT 10.0; Win64; x64) AppleWebKit/537.36 (KHTML, like Gecko) Chrome/74.0.3729.169 Safari/537.36\"\n","level":"info","timestamp":"2019-06-24 14:16:30"}
{"message":"::1 - - [24/Jun/2019:08:46:30 +0000] \"GET /api-docs/swagger-ui-standalone-preset.js HTTP/1.1\" 304 - \"http://localhost:8082/api-docs/\" \"Mozilla/5.0 (Windows NT 10.0; Win64; x64) AppleWebKit/537.36 (KHTML, like Gecko) Chrome/74.0.3729.169 Safari/537.36\"\n","level":"info","timestamp":"2019-06-24 14:16:30"}
{"message":"::1 - - [24/Jun/2019:08:47:20 +0000] \"POST /users/login HTTP/1.1\" 400 53 \"http://localhost:8082/api-docs/\" \"Mozilla/5.0 (Windows NT 10.0; Win64; x64) AppleWebKit/537.36 (KHTML, like Gecko) Chrome/74.0.3729.169 Safari/537.36\"\n","level":"info","timestamp":"2019-06-24 14:17:20"}
{"message":"::1 - - [24/Jun/2019:08:48:10 +0000] \"POST /users/login HTTP/1.1\" 400 53 \"http://localhost:8082/api-docs/\" \"Mozilla/5.0 (Windows NT 10.0; Win64; x64) AppleWebKit/537.36 (KHTML, like Gecko) Chrome/74.0.3729.169 Safari/537.36\"\n","level":"info","timestamp":"2019-06-24 14:18:10"}
{"message":"::1 - - [24/Jun/2019:09:00:54 +0000] \"POST /users/login HTTP/1.1\" - - \"http://localhost:8082/api-docs/\" \"Mozilla/5.0 (Windows NT 10.0; Win64; x64) AppleWebKit/537.36 (KHTML, like Gecko) Chrome/74.0.3729.169 Safari/537.36\"\n","level":"info","timestamp":"2019-06-24 14:30:54"}
{"message":"::1 - - [24/Jun/2019:09:00:59 +0000] \"POST /users/login HTTP/1.1\" 400 78 \"http://localhost:8082/api-docs/\" \"Mozilla/5.0 (Windows NT 10.0; Win64; x64) AppleWebKit/537.36 (KHTML, like Gecko) Chrome/74.0.3729.169 Safari/537.36\"\n","level":"info","timestamp":"2019-06-24 14:30:59"}
{"message":"Caleb api listening on port: 8082","level":"info","timestamp":"2019-06-24 14:49:11"}
{"message":"Caleb api listening on port: 8082","level":"info","timestamp":"2019-06-24 14:50:25"}
{"message":"::1 - - [24/Jun/2019:09:21:55 +0000] \"POST /users/login HTTP/1.1\" 400 78 \"http://localhost:8082/api-docs/\" \"Mozilla/5.0 (Windows NT 10.0; Win64; x64) AppleWebKit/537.36 (KHTML, like Gecko) Chrome/74.0.3729.169 Safari/537.36\"\n","level":"info","timestamp":"2019-06-24 14:51:55"}
{"message":"::1 - - [24/Jun/2019:09:22:43 +0000] \"POST /users/login HTTP/1.1\" 400 53 \"http://localhost:8082/api-docs/\" \"Mozilla/5.0 (Windows NT 10.0; Win64; x64) AppleWebKit/537.36 (KHTML, like Gecko) Chrome/74.0.3729.169 Safari/537.36\"\n","level":"info","timestamp":"2019-06-24 14:52:43"}
{"message":"Caleb api listening on port: 8082","level":"info","timestamp":"2019-06-24 14:55:31"}
{"message":"::1 - - [24/Jun/2019:09:27:17 +0000] \"POST /users/login HTTP/1.1\" 400 53 \"http://localhost:8082/api-docs/\" \"Mozilla/5.0 (Windows NT 10.0; Win64; x64) AppleWebKit/537.36 (KHTML, like Gecko) Chrome/74.0.3729.169 Safari/537.36\"\n","level":"info","timestamp":"2019-06-24 14:57:17"}
{"message":"::1 - - [24/Jun/2019:09:27:48 +0000] \"POST /users/login HTTP/1.1\" 400 53 \"http://localhost:8082/api-docs/\" \"Mozilla/5.0 (Windows NT 10.0; Win64; x64) AppleWebKit/537.36 (KHTML, like Gecko) Chrome/74.0.3729.169 Safari/537.36\"\n","level":"info","timestamp":"2019-06-24 14:57:48"}
{"message":"Invalid request.","level":"error","timestamp":"2019-06-24 15:05:06"}
{"message":"Caleb api listening on port: 8082","level":"info","timestamp":"2019-06-24 15:05:06"}
{"message":"Invalid request.","level":"error","timestamp":"2019-06-24 15:05:42"}
{"message":"Caleb api listening on port: 8082","level":"info","timestamp":"2019-06-24 15:05:42"}
{"message":"Caleb api listening on port: 8082","level":"info","timestamp":"2019-06-24 15:33:19"}
{"message":"::1 - - [24/Jun/2019:10:03:21 +0000] \"GET /api-docs/ HTTP/1.1\" 200 3113 \"-\" \"Mozilla/5.0 (Windows NT 10.0; Win64; x64) AppleWebKit/537.36 (KHTML, like Gecko) Chrome/74.0.3729.169 Safari/537.36\"\n","level":"info","timestamp":"2019-06-24 15:33:21"}
{"message":"::1 - - [24/Jun/2019:10:03:21 +0000] \"GET /api-docs/swagger-ui-init.js HTTP/1.1\" 200 8633 \"http://localhost:8082/api-docs/\" \"Mozilla/5.0 (Windows NT 10.0; Win64; x64) AppleWebKit/537.36 (KHTML, like Gecko) Chrome/74.0.3729.169 Safari/537.36\"\n","level":"info","timestamp":"2019-06-24 15:33:21"}
{"message":"::1 - - [24/Jun/2019:10:03:21 +0000] \"GET /api-docs/swagger-ui-bundle.js HTTP/1.1\" 200 952602 \"http://localhost:8082/api-docs/\" \"Mozilla/5.0 (Windows NT 10.0; Win64; x64) AppleWebKit/537.36 (KHTML, like Gecko) Chrome/74.0.3729.169 Safari/537.36\"\n","level":"info","timestamp":"2019-06-24 15:33:21"}
{"message":"::1 - - [24/Jun/2019:10:03:21 +0000] \"GET /api-docs/swagger-ui.css HTTP/1.1\" 200 154006 \"http://localhost:8082/api-docs/\" \"Mozilla/5.0 (Windows NT 10.0; Win64; x64) AppleWebKit/537.36 (KHTML, like Gecko) Chrome/74.0.3729.169 Safari/537.36\"\n","level":"info","timestamp":"2019-06-24 15:33:21"}
{"message":"::1 - - [24/Jun/2019:10:03:22 +0000] \"GET /api-docs/swagger-ui-standalone-preset.js HTTP/1.1\" 200 329586 \"http://localhost:8082/api-docs/\" \"Mozilla/5.0 (Windows NT 10.0; Win64; x64) AppleWebKit/537.36 (KHTML, like Gecko) Chrome/74.0.3729.169 Safari/537.36\"\n","level":"info","timestamp":"2019-06-24 15:33:22"}
{"message":"::1 - - [24/Jun/2019:10:03:23 +0000] \"GET /api-docs/favicon-32x32.png HTTP/1.1\" 200 628 \"http://localhost:8082/api-docs/\" \"Mozilla/5.0 (Windows NT 10.0; Win64; x64) AppleWebKit/537.36 (KHTML, like Gecko) Chrome/74.0.3729.169 Safari/537.36\"\n","level":"info","timestamp":"2019-06-24 15:33:23"}
{"message":"::1 - - [24/Jun/2019:10:04:17 +0000] \"PUT /users/resetPassword HTTP/1.1\" 200 63 \"http://localhost:8082/api-docs/\" \"Mozilla/5.0 (Windows NT 10.0; Win64; x64) AppleWebKit/537.36 (KHTML, like Gecko) Chrome/74.0.3729.169 Safari/537.36\"\n","level":"info","timestamp":"2019-06-24 15:34:17"}
{"message":"Caleb api listening on port: 8082","level":"info","timestamp":"2019-06-24 18:57:06"}
{"message":"Caleb api listening on port: 8082","level":"info","timestamp":"2019-06-24 19:01:22"}
